{"/home/victandry/frontend-project-46/formatters/json.js": {"path":"/home/victandry/frontend-project-46/formatters/json.js","all":false,"statementMap":{"0":{"start":{"line":1,"column":0},"end":{"line":1,"column":23}},"1":{"start":{"line":2,"column":0},"end":{"line":2,"column":83}},"2":{"start":{"line":3,"column":0},"end":{"line":3,"column":0}},"3":{"start":{"line":4,"column":0},"end":{"line":4,"column":44}},"4":{"start":{"line":5,"column":0},"end":{"line":5,"column":62}},"5":{"start":{"line":6,"column":0},"end":{"line":6,"column":62}},"6":{"start":{"line":7,"column":0},"end":{"line":7,"column":78}},"7":{"start":{"line":8,"column":0},"end":{"line":8,"column":61}},"8":{"start":{"line":9,"column":0},"end":{"line":9,"column":0}},"9":{"start":{"line":10,"column":0},"end":{"line":10,"column":26}},"10":{"start":{"line":11,"column":0},"end":{"line":11,"column":39}},"11":{"start":{"line":12,"column":0},"end":{"line":12,"column":0}},"12":{"start":{"line":13,"column":0},"end":{"line":13,"column":23}},"13":{"start":{"line":14,"column":0},"end":{"line":14,"column":30}},"14":{"start":{"line":15,"column":0},"end":{"line":15,"column":32}},"15":{"start":{"line":16,"column":0},"end":{"line":16,"column":47}},"16":{"start":{"line":17,"column":0},"end":{"line":17,"column":9}},"17":{"start":{"line":18,"column":0},"end":{"line":18,"column":37}},"18":{"start":{"line":19,"column":0},"end":{"line":19,"column":8}},"19":{"start":{"line":20,"column":0},"end":{"line":20,"column":17}},"20":{"start":{"line":21,"column":0},"end":{"line":21,"column":0}},"21":{"start":{"line":22,"column":0},"end":{"line":22,"column":12}},"22":{"start":{"line":23,"column":0},"end":{"line":23,"column":10}},"23":{"start":{"line":24,"column":0},"end":{"line":24,"column":12}},"24":{"start":{"line":25,"column":0},"end":{"line":25,"column":10}},"25":{"start":{"line":26,"column":0},"end":{"line":26,"column":15}},"26":{"start":{"line":27,"column":0},"end":{"line":27,"column":4}},"27":{"start":{"line":28,"column":0},"end":{"line":28,"column":0}},"28":{"start":{"line":29,"column":0},"end":{"line":29,"column":30}},"29":{"start":{"line":30,"column":0},"end":{"line":30,"column":2}},"30":{"start":{"line":31,"column":0},"end":{"line":31,"column":0}},"31":{"start":{"line":32,"column":0},"end":{"line":32,"column":24}}},"s":{"0":1,"1":1,"2":1,"3":1,"4":1,"5":1,"6":1,"7":1,"8":1,"9":1,"10":5,"11":5,"12":5,"13":5,"14":18,"15":4,"16":4,"17":14,"18":5,"19":5,"20":5,"21":5,"22":5,"23":5,"24":5,"25":5,"26":1,"27":1,"28":1,"29":1,"30":1,"31":1},"branchMap":{"0":{"type":"branch","line":4,"loc":{"start":{"line":4,"column":17},"end":{"line":30,"column":2}},"locations":[{"start":{"line":4,"column":17},"end":{"line":30,"column":2}}]},"1":{"type":"branch","line":10,"loc":{"start":{"line":10,"column":16},"end":{"line":27,"column":3}},"locations":[{"start":{"line":10,"column":16},"end":{"line":27,"column":3}}]},"2":{"type":"branch","line":14,"loc":{"start":{"line":14,"column":11},"end":{"line":19,"column":7}},"locations":[{"start":{"line":14,"column":11},"end":{"line":19,"column":7}}]},"3":{"type":"branch","line":15,"loc":{"start":{"line":15,"column":31},"end":{"line":17,"column":9}},"locations":[{"start":{"line":15,"column":31},"end":{"line":17,"column":9}}]},"4":{"type":"branch","line":17,"loc":{"start":{"line":17,"column":8},"end":{"line":19,"column":7}},"locations":[{"start":{"line":17,"column":8},"end":{"line":19,"column":7}}]}},"b":{"0":[1],"1":[5],"2":[18],"3":[4],"4":[14]},"fnMap":{"0":{"name":"makeJson","decl":{"start":{"line":4,"column":17},"end":{"line":30,"column":2}},"loc":{"start":{"line":4,"column":17},"end":{"line":30,"column":2}},"line":4},"1":{"name":"iter","decl":{"start":{"line":10,"column":16},"end":{"line":27,"column":3}},"loc":{"start":{"line":10,"column":16},"end":{"line":27,"column":3}},"line":10}},"f":{"0":1,"1":5}}
,"/home/victandry/frontend-project-46/formatters/plain.js": {"path":"/home/victandry/frontend-project-46/formatters/plain.js","all":false,"statementMap":{"0":{"start":{"line":1,"column":0},"end":{"line":1,"column":23}},"1":{"start":{"line":2,"column":0},"end":{"line":2,"column":83}},"2":{"start":{"line":3,"column":0},"end":{"line":3,"column":0}},"3":{"start":{"line":4,"column":0},"end":{"line":4,"column":33}},"4":{"start":{"line":5,"column":0},"end":{"line":5,"column":26}},"5":{"start":{"line":6,"column":0},"end":{"line":6,"column":29}},"6":{"start":{"line":7,"column":0},"end":{"line":7,"column":3}},"7":{"start":{"line":8,"column":0},"end":{"line":8,"column":56}},"8":{"start":{"line":9,"column":0},"end":{"line":9,"column":2}},"9":{"start":{"line":10,"column":0},"end":{"line":10,"column":0}},"10":{"start":{"line":11,"column":0},"end":{"line":11,"column":45}},"11":{"start":{"line":12,"column":0},"end":{"line":12,"column":62}},"12":{"start":{"line":13,"column":0},"end":{"line":13,"column":62}},"13":{"start":{"line":14,"column":0},"end":{"line":14,"column":78}},"14":{"start":{"line":15,"column":0},"end":{"line":15,"column":61}},"15":{"start":{"line":16,"column":0},"end":{"line":16,"column":61}},"16":{"start":{"line":17,"column":0},"end":{"line":17,"column":39}},"17":{"start":{"line":18,"column":0},"end":{"line":18,"column":23}},"18":{"start":{"line":19,"column":0},"end":{"line":19,"column":30}},"19":{"start":{"line":20,"column":0},"end":{"line":20,"column":49}},"20":{"start":{"line":21,"column":0},"end":{"line":21,"column":89}},"21":{"start":{"line":22,"column":0},"end":{"line":22,"column":32}},"22":{"start":{"line":23,"column":0},"end":{"line":23,"column":53}},"23":{"start":{"line":24,"column":0},"end":{"line":24,"column":88}},"24":{"start":{"line":25,"column":0},"end":{"line":25,"column":9}},"25":{"start":{"line":26,"column":0},"end":{"line":26,"column":34}},"26":{"start":{"line":27,"column":0},"end":{"line":27,"column":65}},"27":{"start":{"line":28,"column":0},"end":{"line":28,"column":9}},"28":{"start":{"line":29,"column":0},"end":{"line":29,"column":34}},"29":{"start":{"line":30,"column":0},"end":{"line":30,"column":94}},"30":{"start":{"line":31,"column":0},"end":{"line":31,"column":79}},"31":{"start":{"line":32,"column":0},"end":{"line":32,"column":9}},"32":{"start":{"line":33,"column":0},"end":{"line":33,"column":36}},"33":{"start":{"line":34,"column":0},"end":{"line":34,"column":20}},"34":{"start":{"line":35,"column":0},"end":{"line":35,"column":9}},"35":{"start":{"line":36,"column":0},"end":{"line":36,"column":76}},"36":{"start":{"line":37,"column":0},"end":{"line":37,"column":8}},"37":{"start":{"line":38,"column":0},"end":{"line":38,"column":36}},"38":{"start":{"line":39,"column":0},"end":{"line":39,"column":18}},"39":{"start":{"line":40,"column":0},"end":{"line":40,"column":17}},"40":{"start":{"line":41,"column":0},"end":{"line":41,"column":4}},"41":{"start":{"line":42,"column":0},"end":{"line":42,"column":0}},"42":{"start":{"line":43,"column":0},"end":{"line":43,"column":60}},"43":{"start":{"line":44,"column":0},"end":{"line":44,"column":2}},"44":{"start":{"line":45,"column":0},"end":{"line":45,"column":0}},"45":{"start":{"line":46,"column":0},"end":{"line":46,"column":25}}},"s":{"0":1,"1":1,"2":1,"3":1,"4":13,"5":3,"6":3,"7":13,"8":13,"9":1,"10":1,"11":1,"12":1,"13":1,"14":1,"15":1,"16":5,"17":5,"18":5,"19":18,"20":18,"21":18,"22":5,"23":5,"24":5,"25":18,"26":2,"27":2,"28":18,"29":4,"30":4,"31":4,"32":18,"33":3,"34":3,"35":4,"36":5,"37":5,"38":5,"39":5,"40":1,"41":1,"42":1,"43":1,"44":1,"45":1},"branchMap":{"0":{"type":"branch","line":4,"loc":{"start":{"line":4,"column":22},"end":{"line":9,"column":2}},"locations":[{"start":{"line":4,"column":22},"end":{"line":9,"column":2}}]},"1":{"type":"branch","line":5,"loc":{"start":{"line":5,"column":25},"end":{"line":7,"column":3}},"locations":[{"start":{"line":5,"column":25},"end":{"line":7,"column":3}}]},"2":{"type":"branch","line":7,"loc":{"start":{"line":7,"column":2},"end":{"line":8,"column":36}},"locations":[{"start":{"line":7,"column":2},"end":{"line":8,"column":36}}]},"3":{"type":"branch","line":8,"loc":{"start":{"line":8,"column":32},"end":{"line":8,"column":47}},"locations":[{"start":{"line":8,"column":32},"end":{"line":8,"column":47}}]},"4":{"type":"branch","line":8,"loc":{"start":{"line":8,"column":47},"end":{"line":8,"column":55}},"locations":[{"start":{"line":8,"column":47},"end":{"line":8,"column":55}}]},"5":{"type":"branch","line":11,"loc":{"start":{"line":11,"column":18},"end":{"line":44,"column":2}},"locations":[{"start":{"line":11,"column":18},"end":{"line":44,"column":2}}]},"6":{"type":"branch","line":16,"loc":{"start":{"line":16,"column":15},"end":{"line":41,"column":3}},"locations":[{"start":{"line":16,"column":15},"end":{"line":41,"column":3}}]},"7":{"type":"branch","line":19,"loc":{"start":{"line":19,"column":11},"end":{"line":37,"column":7}},"locations":[{"start":{"line":19,"column":11},"end":{"line":37,"column":7}}]},"8":{"type":"branch","line":21,"loc":{"start":{"line":21,"column":55},"end":{"line":21,"column":82}},"locations":[{"start":{"line":21,"column":55},"end":{"line":21,"column":82}}]},"9":{"type":"branch","line":21,"loc":{"start":{"line":21,"column":82},"end":{"line":21,"column":88}},"locations":[{"start":{"line":21,"column":82},"end":{"line":21,"column":88}}]},"10":{"type":"branch","line":22,"loc":{"start":{"line":22,"column":31},"end":{"line":25,"column":9}},"locations":[{"start":{"line":22,"column":31},"end":{"line":25,"column":9}}]},"11":{"type":"branch","line":25,"loc":{"start":{"line":25,"column":8},"end":{"line":26,"column":33}},"locations":[{"start":{"line":25,"column":8},"end":{"line":26,"column":33}}]},"12":{"type":"branch","line":26,"loc":{"start":{"line":26,"column":33},"end":{"line":28,"column":9}},"locations":[{"start":{"line":26,"column":33},"end":{"line":28,"column":9}}]},"13":{"type":"branch","line":28,"loc":{"start":{"line":28,"column":8},"end":{"line":29,"column":33}},"locations":[{"start":{"line":28,"column":8},"end":{"line":29,"column":33}}]},"14":{"type":"branch","line":29,"loc":{"start":{"line":29,"column":33},"end":{"line":32,"column":9}},"locations":[{"start":{"line":29,"column":33},"end":{"line":32,"column":9}}]},"15":{"type":"branch","line":32,"loc":{"start":{"line":32,"column":8},"end":{"line":33,"column":35}},"locations":[{"start":{"line":32,"column":8},"end":{"line":33,"column":35}}]},"16":{"type":"branch","line":33,"loc":{"start":{"line":33,"column":35},"end":{"line":35,"column":9}},"locations":[{"start":{"line":33,"column":35},"end":{"line":35,"column":9}}]},"17":{"type":"branch","line":35,"loc":{"start":{"line":35,"column":8},"end":{"line":37,"column":7}},"locations":[{"start":{"line":35,"column":8},"end":{"line":37,"column":7}}]},"18":{"type":"branch","line":38,"loc":{"start":{"line":38,"column":15},"end":{"line":38,"column":35}},"locations":[{"start":{"line":38,"column":15},"end":{"line":38,"column":35}}]}},"b":{"0":[13],"1":[3],"2":[10],"3":[7],"4":[3],"5":[1],"6":[5],"7":[18],"8":[14],"9":[4],"10":[5],"11":[13],"12":[2],"13":[11],"14":[4],"15":[7],"16":[3],"17":[4],"18":[18]},"fnMap":{"0":{"name":"setValueName","decl":{"start":{"line":4,"column":22},"end":{"line":9,"column":2}},"loc":{"start":{"line":4,"column":22},"end":{"line":9,"column":2}},"line":4},"1":{"name":"makePlain","decl":{"start":{"line":11,"column":18},"end":{"line":44,"column":2}},"loc":{"start":{"line":11,"column":18},"end":{"line":44,"column":2}},"line":11},"2":{"name":"iter","decl":{"start":{"line":16,"column":15},"end":{"line":41,"column":3}},"loc":{"start":{"line":16,"column":15},"end":{"line":41,"column":3}},"line":16}},"f":{"0":13,"1":1,"2":5}}
,"/home/victandry/frontend-project-46/formatters/stylish.js": {"path":"/home/victandry/frontend-project-46/formatters/stylish.js","all":false,"statementMap":{"0":{"start":{"line":1,"column":0},"end":{"line":1,"column":23}},"1":{"start":{"line":2,"column":0},"end":{"line":2,"column":83}},"2":{"start":{"line":3,"column":0},"end":{"line":3,"column":0}},"3":{"start":{"line":4,"column":0},"end":{"line":4,"column":62}},"4":{"start":{"line":5,"column":0},"end":{"line":5,"column":32}},"5":{"start":{"line":6,"column":0},"end":{"line":6,"column":43}},"6":{"start":{"line":7,"column":0},"end":{"line":7,"column":54}},"7":{"start":{"line":8,"column":0},"end":{"line":8,"column":68}},"8":{"start":{"line":9,"column":0},"end":{"line":9,"column":34}},"9":{"start":{"line":10,"column":0},"end":{"line":10,"column":46}},"10":{"start":{"line":11,"column":0},"end":{"line":11,"column":51}},"11":{"start":{"line":12,"column":0},"end":{"line":12,"column":29}},"12":{"start":{"line":13,"column":0},"end":{"line":13,"column":30}},"13":{"start":{"line":14,"column":0},"end":{"line":14,"column":55}},"14":{"start":{"line":15,"column":0},"end":{"line":15,"column":7}},"15":{"start":{"line":16,"column":0},"end":{"line":16,"column":38}},"16":{"start":{"line":17,"column":0},"end":{"line":17,"column":7}},"17":{"start":{"line":18,"column":0},"end":{"line":18,"column":64}},"18":{"start":{"line":19,"column":0},"end":{"line":19,"column":4}},"19":{"start":{"line":20,"column":0},"end":{"line":20,"column":54}},"20":{"start":{"line":21,"column":0},"end":{"line":21,"column":2}},"21":{"start":{"line":22,"column":0},"end":{"line":22,"column":0}},"22":{"start":{"line":23,"column":0},"end":{"line":23,"column":33}},"23":{"start":{"line":24,"column":0},"end":{"line":24,"column":37}},"24":{"start":{"line":25,"column":0},"end":{"line":25,"column":15}},"25":{"start":{"line":26,"column":0},"end":{"line":26,"column":3}},"26":{"start":{"line":27,"column":0},"end":{"line":27,"column":12}},"27":{"start":{"line":28,"column":0},"end":{"line":28,"column":16}},"28":{"start":{"line":29,"column":0},"end":{"line":29,"column":62}},"29":{"start":{"line":30,"column":0},"end":{"line":30,"column":16}},"30":{"start":{"line":31,"column":0},"end":{"line":31,"column":2}},"31":{"start":{"line":32,"column":0},"end":{"line":32,"column":0}},"32":{"start":{"line":33,"column":0},"end":{"line":33,"column":47}},"33":{"start":{"line":34,"column":0},"end":{"line":34,"column":62}},"34":{"start":{"line":35,"column":0},"end":{"line":35,"column":62}},"35":{"start":{"line":36,"column":0},"end":{"line":36,"column":78}},"36":{"start":{"line":37,"column":0},"end":{"line":37,"column":61}},"37":{"start":{"line":38,"column":0},"end":{"line":38,"column":0}},"38":{"start":{"line":39,"column":0},"end":{"line":39,"column":32}},"39":{"start":{"line":40,"column":0},"end":{"line":40,"column":34}},"40":{"start":{"line":41,"column":0},"end":{"line":41,"column":29}},"41":{"start":{"line":42,"column":0},"end":{"line":42,"column":0}},"42":{"start":{"line":43,"column":0},"end":{"line":43,"column":47}},"43":{"start":{"line":44,"column":0},"end":{"line":44,"column":56}},"44":{"start":{"line":45,"column":0},"end":{"line":45,"column":0}},"45":{"start":{"line":46,"column":0},"end":{"line":46,"column":39}},"46":{"start":{"line":47,"column":0},"end":{"line":47,"column":0}},"47":{"start":{"line":48,"column":0},"end":{"line":48,"column":23}},"48":{"start":{"line":49,"column":0},"end":{"line":49,"column":30}},"49":{"start":{"line":50,"column":0},"end":{"line":50,"column":24}},"50":{"start":{"line":51,"column":0},"end":{"line":51,"column":25}},"51":{"start":{"line":52,"column":0},"end":{"line":52,"column":139}},"52":{"start":{"line":53,"column":0},"end":{"line":53,"column":23}},"53":{"start":{"line":54,"column":0},"end":{"line":54,"column":137}},"54":{"start":{"line":55,"column":0},"end":{"line":55,"column":25}},"55":{"start":{"line":56,"column":0},"end":{"line":56,"column":20}},"56":{"start":{"line":57,"column":0},"end":{"line":57,"column":134}},"57":{"start":{"line":58,"column":0},"end":{"line":58,"column":132}},"58":{"start":{"line":59,"column":0},"end":{"line":59,"column":25}},"59":{"start":{"line":60,"column":0},"end":{"line":60,"column":27}},"60":{"start":{"line":61,"column":0},"end":{"line":61,"column":97}},"61":{"start":{"line":62,"column":0},"end":{"line":62,"column":18}},"62":{"start":{"line":63,"column":0},"end":{"line":63,"column":124}},"63":{"start":{"line":64,"column":0},"end":{"line":64,"column":9}},"64":{"start":{"line":65,"column":0},"end":{"line":65,"column":9}},"65":{"start":{"line":66,"column":0},"end":{"line":66,"column":0}},"66":{"start":{"line":67,"column":0},"end":{"line":67,"column":12}},"67":{"start":{"line":68,"column":0},"end":{"line":68,"column":10}},"68":{"start":{"line":69,"column":0},"end":{"line":69,"column":15}},"69":{"start":{"line":70,"column":0},"end":{"line":70,"column":26}},"70":{"start":{"line":71,"column":0},"end":{"line":71,"column":17}},"71":{"start":{"line":72,"column":0},"end":{"line":72,"column":4}},"72":{"start":{"line":73,"column":0},"end":{"line":73,"column":59}},"73":{"start":{"line":74,"column":0},"end":{"line":74,"column":2}},"74":{"start":{"line":75,"column":0},"end":{"line":75,"column":0}},"75":{"start":{"line":76,"column":0},"end":{"line":76,"column":27}}},"s":{"0":1,"1":1,"2":1,"3":1,"4":22,"5":7,"6":7,"7":7,"8":7,"9":7,"10":9,"11":9,"12":9,"13":3,"14":3,"15":6,"16":7,"17":7,"18":22,"19":22,"20":22,"21":1,"22":1,"23":15,"24":11,"25":11,"26":4,"27":4,"28":4,"29":4,"30":4,"31":1,"32":1,"33":1,"34":1,"35":1,"36":1,"37":1,"38":1,"39":1,"40":1,"41":1,"42":1,"43":5,"44":5,"45":5,"46":5,"47":5,"48":5,"49":18,"50":18,"51":2,"52":18,"53":5,"54":18,"55":4,"56":4,"57":4,"58":4,"59":18,"60":3,"61":18,"62":4,"63":18,"64":5,"65":5,"66":5,"67":5,"68":5,"69":5,"70":5,"71":1,"72":1,"73":1,"74":1,"75":1},"branchMap":{"0":{"type":"branch","line":4,"loc":{"start":{"line":4,"column":18},"end":{"line":21,"column":2}},"locations":[{"start":{"line":4,"column":18},"end":{"line":21,"column":2}}]},"1":{"type":"branch","line":20,"loc":{"start":{"line":20,"column":25},"end":{"line":20,"column":41}},"locations":[{"start":{"line":20,"column":25},"end":{"line":20,"column":41}}]},"2":{"type":"branch","line":20,"loc":{"start":{"line":20,"column":41},"end":{"line":20,"column":53}},"locations":[{"start":{"line":20,"column":41},"end":{"line":20,"column":53}}]},"3":{"type":"branch","line":5,"loc":{"start":{"line":5,"column":15},"end":{"line":19,"column":3}},"locations":[{"start":{"line":5,"column":15},"end":{"line":19,"column":3}}]},"4":{"type":"branch","line":10,"loc":{"start":{"line":10,"column":37},"end":{"line":17,"column":5}},"locations":[{"start":{"line":10,"column":37},"end":{"line":17,"column":5}}]},"5":{"type":"branch","line":13,"loc":{"start":{"line":13,"column":29},"end":{"line":15,"column":7}},"locations":[{"start":{"line":13,"column":29},"end":{"line":15,"column":7}}]},"6":{"type":"branch","line":15,"loc":{"start":{"line":15,"column":6},"end":{"line":17,"column":5}},"locations":[{"start":{"line":15,"column":6},"end":{"line":17,"column":5}}]},"7":{"type":"branch","line":23,"loc":{"start":{"line":23,"column":15},"end":{"line":31,"column":2}},"locations":[{"start":{"line":23,"column":15},"end":{"line":31,"column":2}}]},"8":{"type":"branch","line":24,"loc":{"start":{"line":24,"column":36},"end":{"line":26,"column":3}},"locations":[{"start":{"line":24,"column":36},"end":{"line":26,"column":3}}]},"9":{"type":"branch","line":26,"loc":{"start":{"line":26,"column":2},"end":{"line":31,"column":2}},"locations":[{"start":{"line":26,"column":2},"end":{"line":31,"column":2}}]},"10":{"type":"branch","line":29,"loc":{"start":{"line":29,"column":10},"end":{"line":29,"column":61}},"locations":[{"start":{"line":29,"column":10},"end":{"line":29,"column":61}}]},"11":{"type":"branch","line":29,"loc":{"start":{"line":29,"column":32},"end":{"line":29,"column":53}},"locations":[{"start":{"line":29,"column":32},"end":{"line":29,"column":53}}]},"12":{"type":"branch","line":29,"loc":{"start":{"line":29,"column":53},"end":{"line":29,"column":61}},"locations":[{"start":{"line":29,"column":53},"end":{"line":29,"column":61}}]},"13":{"type":"branch","line":33,"loc":{"start":{"line":33,"column":20},"end":{"line":74,"column":2}},"locations":[{"start":{"line":33,"column":20},"end":{"line":74,"column":2}}]},"14":{"type":"branch","line":43,"loc":{"start":{"line":43,"column":15},"end":{"line":72,"column":3}},"locations":[{"start":{"line":43,"column":15},"end":{"line":72,"column":3}}]},"15":{"type":"branch","line":49,"loc":{"start":{"line":49,"column":11},"end":{"line":65,"column":7}},"locations":[{"start":{"line":49,"column":11},"end":{"line":65,"column":7}}]},"16":{"type":"branch","line":51,"loc":{"start":{"line":51,"column":10},"end":{"line":52,"column":139}},"locations":[{"start":{"line":51,"column":10},"end":{"line":52,"column":139}}]},"17":{"type":"branch","line":53,"loc":{"start":{"line":53,"column":10},"end":{"line":54,"column":137}},"locations":[{"start":{"line":53,"column":10},"end":{"line":54,"column":137}}]},"18":{"type":"branch","line":55,"loc":{"start":{"line":55,"column":10},"end":{"line":59,"column":25}},"locations":[{"start":{"line":55,"column":10},"end":{"line":59,"column":25}}]},"19":{"type":"branch","line":60,"loc":{"start":{"line":60,"column":10},"end":{"line":61,"column":97}},"locations":[{"start":{"line":60,"column":10},"end":{"line":61,"column":97}}]},"20":{"type":"branch","line":62,"loc":{"start":{"line":62,"column":10},"end":{"line":63,"column":124}},"locations":[{"start":{"line":62,"column":10},"end":{"line":63,"column":124}}]}},"b":{"0":[22],"1":[4],"2":[18],"3":[7],"4":[9],"5":[3],"6":[6],"7":[15],"8":[11],"9":[4],"10":[20],"11":[16],"12":[4],"13":[1],"14":[5],"15":[18],"16":[2],"17":[5],"18":[4],"19":[3],"20":[4]},"fnMap":{"0":{"name":"stringify","decl":{"start":{"line":4,"column":18},"end":{"line":21,"column":2}},"loc":{"start":{"line":4,"column":18},"end":{"line":21,"column":2}},"line":4},"1":{"name":"iter","decl":{"start":{"line":5,"column":15},"end":{"line":19,"column":3}},"loc":{"start":{"line":5,"column":15},"end":{"line":19,"column":3}},"line":5},"2":{"name":"offset","decl":{"start":{"line":23,"column":15},"end":{"line":31,"column":2}},"loc":{"start":{"line":23,"column":15},"end":{"line":31,"column":2}},"line":23},"3":{"name":"makeStylish","decl":{"start":{"line":33,"column":20},"end":{"line":74,"column":2}},"loc":{"start":{"line":33,"column":20},"end":{"line":74,"column":2}},"line":33},"4":{"name":"iter","decl":{"start":{"line":43,"column":15},"end":{"line":72,"column":3}},"loc":{"start":{"line":43,"column":15},"end":{"line":72,"column":3}},"line":43}},"f":{"0":22,"1":7,"2":15,"3":1,"4":5}}
,"/home/victandry/frontend-project-46/src/index.js": {"path":"/home/victandry/frontend-project-46/src/index.js","all":false,"statementMap":{"0":{"start":{"line":1,"column":0},"end":{"line":1,"column":23}},"1":{"start":{"line":2,"column":0},"end":{"line":2,"column":25}},"2":{"start":{"line":3,"column":0},"end":{"line":3,"column":29}},"3":{"start":{"line":4,"column":0},"end":{"line":4,"column":33}},"4":{"start":{"line":5,"column":0},"end":{"line":5,"column":0}},"5":{"start":{"line":6,"column":0},"end":{"line":6,"column":131}},"6":{"start":{"line":7,"column":0},"end":{"line":7,"column":0}},"7":{"start":{"line":8,"column":0},"end":{"line":8,"column":89}},"8":{"start":{"line":9,"column":0},"end":{"line":9,"column":0}},"9":{"start":{"line":10,"column":0},"end":{"line":10,"column":79}},"10":{"start":{"line":11,"column":0},"end":{"line":11,"column":0}},"11":{"start":{"line":12,"column":0},"end":{"line":12,"column":46}},"12":{"start":{"line":13,"column":0},"end":{"line":13,"column":39}},"13":{"start":{"line":14,"column":0},"end":{"line":14,"column":39}},"14":{"start":{"line":15,"column":0},"end":{"line":15,"column":61}},"15":{"start":{"line":16,"column":0},"end":{"line":16,"column":0}},"16":{"start":{"line":17,"column":0},"end":{"line":17,"column":30}},"17":{"start":{"line":18,"column":0},"end":{"line":18,"column":27}},"18":{"start":{"line":19,"column":0},"end":{"line":19,"column":31}},"19":{"start":{"line":20,"column":0},"end":{"line":20,"column":42}},"20":{"start":{"line":21,"column":0},"end":{"line":21,"column":7}},"21":{"start":{"line":22,"column":0},"end":{"line":22,"column":31}},"22":{"start":{"line":23,"column":0},"end":{"line":23,"column":44}},"23":{"start":{"line":24,"column":0},"end":{"line":24,"column":7}},"24":{"start":{"line":25,"column":0},"end":{"line":25,"column":57}},"25":{"start":{"line":26,"column":0},"end":{"line":26,"column":77}},"26":{"start":{"line":27,"column":0},"end":{"line":27,"column":7}},"27":{"start":{"line":28,"column":0},"end":{"line":28,"column":38}},"28":{"start":{"line":29,"column":0},"end":{"line":29,"column":44}},"29":{"start":{"line":30,"column":0},"end":{"line":30,"column":7}},"30":{"start":{"line":31,"column":0},"end":{"line":31,"column":44}},"31":{"start":{"line":32,"column":0},"end":{"line":32,"column":11}},"32":{"start":{"line":33,"column":0},"end":{"line":33,"column":19}},"33":{"start":{"line":34,"column":0},"end":{"line":34,"column":2}},"34":{"start":{"line":35,"column":0},"end":{"line":35,"column":0}},"35":{"start":{"line":36,"column":0},"end":{"line":36,"column":34}},"36":{"start":{"line":37,"column":0},"end":{"line":37,"column":40}}},"s":{"0":1,"1":1,"2":1,"3":1,"4":1,"5":1,"6":1,"7":1,"8":1,"9":1,"10":1,"11":1,"12":15,"13":15,"14":15,"15":15,"16":15,"17":15,"18":54,"19":15,"20":15,"21":54,"22":6,"23":6,"24":54,"25":12,"26":12,"27":54,"28":12,"29":12,"30":9,"31":15,"32":15,"33":15,"34":1,"35":1,"36":1},"branchMap":{"0":{"type":"branch","line":6,"loc":{"start":{"line":6,"column":27},"end":{"line":6,"column":130}},"locations":[{"start":{"line":6,"column":27},"end":{"line":6,"column":130}}]},"1":{"type":"branch","line":6,"loc":{"start":{"line":6,"column":108},"end":{"line":6,"column":129}},"locations":[{"start":{"line":6,"column":108},"end":{"line":6,"column":129}}]},"2":{"type":"branch","line":8,"loc":{"start":{"line":8,"column":19},"end":{"line":8,"column":88}},"locations":[{"start":{"line":8,"column":19},"end":{"line":8,"column":88}}]},"3":{"type":"branch","line":10,"loc":{"start":{"line":10,"column":18},"end":{"line":10,"column":78}},"locations":[{"start":{"line":10,"column":18},"end":{"line":10,"column":78}}]},"4":{"type":"branch","line":10,"loc":{"start":{"line":10,"column":52},"end":{"line":10,"column":78}},"locations":[{"start":{"line":10,"column":52},"end":{"line":10,"column":78}}]},"5":{"type":"branch","line":12,"loc":{"start":{"line":12,"column":27},"end":{"line":34,"column":2}},"locations":[{"start":{"line":12,"column":27},"end":{"line":34,"column":2}}]},"6":{"type":"branch","line":18,"loc":{"start":{"line":18,"column":12},"end":{"line":32,"column":5}},"locations":[{"start":{"line":18,"column":12},"end":{"line":32,"column":5}}]},"7":{"type":"branch","line":19,"loc":{"start":{"line":19,"column":30},"end":{"line":21,"column":7}},"locations":[{"start":{"line":19,"column":30},"end":{"line":21,"column":7}}]},"8":{"type":"branch","line":21,"loc":{"start":{"line":21,"column":6},"end":{"line":22,"column":30}},"locations":[{"start":{"line":21,"column":6},"end":{"line":22,"column":30}}]},"9":{"type":"branch","line":22,"loc":{"start":{"line":22,"column":30},"end":{"line":24,"column":7}},"locations":[{"start":{"line":22,"column":30},"end":{"line":24,"column":7}}]},"10":{"type":"branch","line":24,"loc":{"start":{"line":24,"column":6},"end":{"line":25,"column":34}},"locations":[{"start":{"line":24,"column":6},"end":{"line":25,"column":34}}]},"11":{"type":"branch","line":25,"loc":{"start":{"line":25,"column":30},"end":{"line":25,"column":54}},"locations":[{"start":{"line":25,"column":30},"end":{"line":25,"column":54}}]},"12":{"type":"branch","line":25,"loc":{"start":{"line":25,"column":56},"end":{"line":27,"column":7}},"locations":[{"start":{"line":25,"column":56},"end":{"line":27,"column":7}}]},"13":{"type":"branch","line":27,"loc":{"start":{"line":27,"column":6},"end":{"line":28,"column":37}},"locations":[{"start":{"line":27,"column":6},"end":{"line":28,"column":37}}]},"14":{"type":"branch","line":28,"loc":{"start":{"line":28,"column":37},"end":{"line":30,"column":7}},"locations":[{"start":{"line":28,"column":37},"end":{"line":30,"column":7}}]},"15":{"type":"branch","line":30,"loc":{"start":{"line":30,"column":6},"end":{"line":32,"column":5}},"locations":[{"start":{"line":30,"column":6},"end":{"line":32,"column":5}}]}},"b":{"0":[6],"1":[0],"2":[6],"3":[48],"4":[27],"5":[15],"6":[54],"7":[15],"8":[39],"9":[6],"10":[33],"11":[15],"12":[12],"13":[21],"14":[12],"15":[9]},"fnMap":{"0":{"name":"buildAbsolutePath","decl":{"start":{"line":6,"column":27},"end":{"line":6,"column":130}},"loc":{"start":{"line":6,"column":27},"end":{"line":6,"column":130}},"line":6},"1":{"name":"parseFile","decl":{"start":{"line":8,"column":19},"end":{"line":8,"column":88}},"loc":{"start":{"line":8,"column":19},"end":{"line":8,"column":88}},"line":8},"2":{"name":"isObject","decl":{"start":{"line":10,"column":18},"end":{"line":10,"column":78}},"loc":{"start":{"line":10,"column":18},"end":{"line":10,"column":78}},"line":10},"3":{"name":"generateDifference","decl":{"start":{"line":12,"column":27},"end":{"line":34,"column":2}},"loc":{"start":{"line":12,"column":27},"end":{"line":34,"column":2}},"line":12}},"f":{"0":6,"1":6,"2":48,"3":15}}
,"/home/victandry/frontend-project-46/src/parsers.js": {"path":"/home/victandry/frontend-project-46/src/parsers.js","all":false,"statementMap":{"0":{"start":{"line":1,"column":0},"end":{"line":1,"column":27}},"1":{"start":{"line":2,"column":0},"end":{"line":2,"column":0}},"2":{"start":{"line":3,"column":0},"end":{"line":3,"column":62}},"3":{"start":{"line":4,"column":0},"end":{"line":4,"column":0}},"4":{"start":{"line":5,"column":0},"end":{"line":5,"column":36}},"5":{"start":{"line":6,"column":0},"end":{"line":6,"column":30}},"6":{"start":{"line":7,"column":0},"end":{"line":7,"column":28}},"7":{"start":{"line":8,"column":0},"end":{"line":8,"column":3}},"8":{"start":{"line":9,"column":0},"end":{"line":9,"column":25}},"9":{"start":{"line":10,"column":0},"end":{"line":10,"column":2}},"10":{"start":{"line":11,"column":0},"end":{"line":11,"column":0}},"11":{"start":{"line":12,"column":0},"end":{"line":12,"column":21}}},"s":{"0":1,"1":1,"2":1,"3":1,"4":1,"5":6,"6":6,"7":6,"8":0,"9":0,"10":1,"11":1},"branchMap":{"0":{"type":"branch","line":5,"loc":{"start":{"line":5,"column":14},"end":{"line":10,"column":2}},"locations":[{"start":{"line":5,"column":14},"end":{"line":10,"column":2}}]},"1":{"type":"branch","line":8,"loc":{"start":{"line":8,"column":2},"end":{"line":10,"column":2}},"locations":[{"start":{"line":8,"column":2},"end":{"line":10,"column":2}}]}},"b":{"0":[6],"1":[0]},"fnMap":{"0":{"name":"parse","decl":{"start":{"line":5,"column":14},"end":{"line":10,"column":2}},"loc":{"start":{"line":5,"column":14},"end":{"line":10,"column":2}},"line":5}},"f":{"0":6}}
}
