{"/home/victandry/frontend-project-46/src/index.js": {"path":"/home/victandry/frontend-project-46/src/index.js","statementMap":{"0":{"start":{"line":5,"column":27},"end":{"line":31,"column":1}},"1":{"start":{"line":6,"column":28},"end":{"line":6,"column":66}},"2":{"start":{"line":7,"column":28},"end":{"line":7,"column":66}},"3":{"start":{"line":8,"column":16},"end":{"line":8,"column":62}},"4":{"start":{"line":9,"column":16},"end":{"line":9,"column":62}},"5":{"start":{"line":11,"column":20},"end":{"line":11,"column":38}},"6":{"start":{"line":12,"column":20},"end":{"line":12,"column":38}},"7":{"start":{"line":14,"column":21},"end":{"line":14,"column":57}},"8":{"start":{"line":16,"column":27},"end":{"line":26,"column":6}},"9":{"start":{"line":18,"column":6},"end":{"line":24,"column":7}},"10":{"start":{"line":19,"column":31},"end":{"line":19,"column":54}},"11":{"start":{"line":20,"column":8},"end":{"line":22,"column":9}},"12":{"start":{"line":21,"column":10},"end":{"line":21,"column":122}},"13":{"start":{"line":23,"column":8},"end":{"line":23,"column":39}},"14":{"start":{"line":25,"column":6},"end":{"line":25,"column":41}},"15":{"start":{"line":28,"column":28},"end":{"line":28,"column":55}},"16":{"start":{"line":30,"column":2},"end":{"line":30,"column":38}}},"fnMap":{"0":{"name":"(anonymous_0)","decl":{"start":{"line":5,"column":27},"end":{"line":5,"column":28}},"loc":{"start":{"line":5,"column":53},"end":{"line":31,"column":1}},"line":5},"1":{"name":"(anonymous_1)","decl":{"start":{"line":17,"column":9},"end":{"line":17,"column":10}},"loc":{"start":{"line":17,"column":18},"end":{"line":26,"column":5}},"line":17}},"branchMap":{"0":{"loc":{"start":{"line":18,"column":6},"end":{"line":24,"column":7}},"type":"if","locations":[{"start":{"line":18,"column":6},"end":{"line":24,"column":7}},{"start":{},"end":{}}],"line":18},"1":{"loc":{"start":{"line":20,"column":8},"end":{"line":22,"column":9}},"type":"if","locations":[{"start":{"line":20,"column":8},"end":{"line":22,"column":9}},{"start":{},"end":{}}],"line":20},"2":{"loc":{"start":{"line":21,"column":17},"end":{"line":21,"column":121}},"type":"cond-expr","locations":[{"start":{"line":21,"column":45},"end":{"line":21,"column":68}},{"start":{"line":21,"column":71},"end":{"line":21,"column":121}}],"line":21}},"s":{"0":1,"1":2,"2":2,"3":2,"4":2,"5":2,"6":2,"7":2,"8":2,"9":11,"10":9,"11":9,"12":7,"13":2,"14":2,"15":2,"16":2},"f":{"0":2,"1":11},"b":{"0":[9,2],"1":[7,2],"2":[2,5]},"_coverageSchema":"1a1c01bbd47fc00a2c39e90264f33305004495a9","hash":"b968e5d1bc926c3daa3c972e11a3d2a6d8284b8a"}
}
