TN:
SF:formatters/json.js
FN:4,makeJson
FN:10,iter
FNF:2
FNH:2
FNDA:1,makeJson
FNDA:5,iter
DA:1,1
DA:2,1
DA:3,1
DA:4,1
DA:5,1
DA:6,1
DA:7,1
DA:8,1
DA:9,1
DA:10,1
DA:11,5
DA:12,5
DA:13,5
DA:14,5
DA:15,18
DA:16,4
DA:17,4
DA:18,14
DA:19,5
DA:20,5
DA:21,5
DA:22,5
DA:23,5
DA:24,5
DA:25,5
DA:26,5
DA:27,1
DA:28,1
DA:29,1
DA:30,1
DA:31,1
DA:32,1
LF:32
LH:32
BRDA:4,0,0,1
BRDA:10,1,0,5
BRDA:14,2,0,18
BRDA:15,3,0,4
BRDA:17,4,0,14
BRF:5
BRH:5
end_of_record
TN:
SF:formatters/plain.js
FN:4,setValueName
FN:11,makePlain
FN:17,iter
FNF:3
FNH:3
FNDA:13,setValueName
FNDA:1,makePlain
FNDA:5,iter
DA:1,1
DA:2,1
DA:3,1
DA:4,1
DA:5,13
DA:6,3
DA:7,3
DA:8,13
DA:9,13
DA:10,1
DA:11,1
DA:12,1
DA:13,1
DA:14,1
DA:15,1
DA:16,1
DA:17,1
DA:18,5
DA:19,5
DA:20,5
DA:21,18
DA:22,18
DA:23,18
DA:24,18
DA:25,18
DA:26,5
DA:27,5
DA:28,5
DA:29,18
DA:30,2
DA:31,2
DA:32,18
DA:33,4
DA:34,4
DA:35,18
DA:36,4
DA:37,4
DA:38,4
DA:39,18
DA:40,11
DA:41,11
DA:42,3
DA:43,5
DA:44,5
DA:45,5
DA:46,5
DA:47,5
DA:48,1
DA:49,1
DA:50,1
DA:51,1
DA:52,1
DA:53,1
LF:53
LH:53
BRDA:4,0,0,13
BRDA:5,1,0,3
BRDA:7,2,0,10
BRDA:8,3,0,7
BRDA:8,4,0,3
BRDA:11,5,0,1
BRDA:17,6,0,5
BRDA:20,7,0,18
BRDA:24,8,0,14
BRDA:24,9,0,4
BRDA:25,10,0,5
BRDA:29,11,0,2
BRDA:32,12,0,4
BRDA:32,13,0,4
BRDA:34,14,0,14
BRDA:35,15,0,4
BRDA:38,16,0,14
BRDA:39,17,0,11
BRDA:41,18,0,3
BRDA:44,19,0,18
BRF:20
BRH:20
end_of_record
TN:
SF:formatters/stylish.js
FN:4,stringify
FN:5,iter
FN:23,offset
FN:33,makeStylish
FN:43,iter
FNF:5
FNH:5
FNDA:22,stringify
FNDA:7,iter
FNDA:15,offset
FNDA:1,makeStylish
FNDA:5,iter
DA:1,1
DA:2,1
DA:3,1
DA:4,1
DA:5,22
DA:6,7
DA:7,7
DA:8,7
DA:9,7
DA:10,7
DA:11,9
DA:12,9
DA:13,9
DA:14,3
DA:15,3
DA:16,6
DA:17,7
DA:18,7
DA:19,22
DA:20,22
DA:21,22
DA:22,1
DA:23,1
DA:24,15
DA:25,11
DA:26,11
DA:27,4
DA:28,4
DA:29,4
DA:30,4
DA:31,4
DA:32,1
DA:33,1
DA:34,1
DA:35,1
DA:36,1
DA:37,1
DA:38,1
DA:39,1
DA:40,1
DA:41,1
DA:42,1
DA:43,1
DA:44,5
DA:45,5
DA:46,5
DA:47,5
DA:48,5
DA:49,5
DA:50,18
DA:51,5
DA:52,5
DA:53,18
DA:54,2
DA:55,2
DA:56,18
DA:57,4
DA:58,4
DA:59,18
DA:60,4
DA:61,4
DA:62,4
DA:63,4
DA:64,4
DA:65,3
DA:66,5
DA:67,5
DA:68,5
DA:69,5
DA:70,5
DA:71,5
DA:72,5
DA:73,1
DA:74,1
DA:75,1
DA:76,1
DA:77,1
LF:77
LH:77
BRDA:4,0,0,22
BRDA:20,1,0,4
BRDA:20,2,0,18
BRDA:5,3,0,7
BRDA:10,4,0,9
BRDA:13,5,0,3
BRDA:15,6,0,6
BRDA:23,7,0,15
BRDA:24,8,0,11
BRDA:26,9,0,4
BRDA:29,10,0,20
BRDA:29,11,0,16
BRDA:29,12,0,4
BRDA:33,13,0,1
BRDA:43,14,0,5
BRDA:49,15,0,18
BRDA:50,16,0,5
BRDA:52,17,0,13
BRDA:53,18,0,2
BRDA:55,19,0,11
BRDA:56,20,0,4
BRDA:58,21,0,7
BRDA:59,22,0,4
BRDA:64,23,0,3
BRF:24
BRH:24
end_of_record
TN:
SF:src/index.js
FN:6,buildAbsolutePath
FN:8,parseFile
FN:10,isObject
FN:12,generateDifference
FNF:4
FNH:4
FNDA:6,buildAbsolutePath
FNDA:6,parseFile
FNDA:48,isObject
FNDA:15,generateDifference
DA:1,1
DA:2,1
DA:3,1
DA:4,1
DA:5,1
DA:6,1
DA:7,1
DA:8,1
DA:9,1
DA:10,1
DA:11,1
DA:12,1
DA:13,15
DA:14,15
DA:15,15
DA:16,15
DA:17,15
DA:18,15
DA:19,15
DA:20,54
DA:21,15
DA:22,15
DA:23,15
DA:24,54
DA:25,6
DA:26,6
DA:27,6
DA:28,54
DA:29,12
DA:30,12
DA:31,12
DA:32,54
DA:33,12
DA:34,54
DA:35,9
DA:36,9
DA:37,21
DA:38,15
DA:39,15
DA:40,15
DA:41,15
DA:42,1
DA:43,1
LF:43
LH:43
BRDA:6,0,0,6
BRDA:6,1,0,0
BRDA:8,2,0,6
BRDA:10,3,0,48
BRDA:10,4,0,27
BRDA:12,5,0,15
BRDA:19,6,0,54
BRDA:20,7,0,15
BRDA:23,8,0,39
BRDA:24,9,0,6
BRDA:27,10,0,33
BRDA:28,11,0,15
BRDA:28,12,0,12
BRDA:31,13,0,21
BRDA:32,14,0,12
BRDA:34,15,0,9
BRDA:36,16,0,21
BRF:17
BRH:16
end_of_record
TN:
SF:src/parsers.js
FN:5,parse
FNF:1
FNH:1
FNDA:6,parse
DA:1,1
DA:2,1
DA:3,1
DA:4,1
DA:5,1
DA:6,6
DA:7,6
DA:8,6
DA:9,6
DA:10,0
DA:11,0
DA:12,6
DA:13,6
DA:14,1
DA:15,1
LF:15
LH:13
BRDA:5,0,0,6
BRDA:9,1,0,0
BRF:2
BRH:1
end_of_record
